<?xml version="1.0" encoding="UTF-8"?>
<testng-results skipped="0" failed="0" total="1" passed="1">
  <reporter-output>
  </reporter-output>
  <suite name="Default suite" duration-ms="2525" started-at="2018-01-22T08:39:53Z" finished-at="2018-01-22T08:39:55Z">
    <groups>
    </groups>
    <test name="Default test" duration-ms="2525" started-at="2018-01-22T08:39:53Z" finished-at="2018-01-22T08:39:55Z">
      <class name="com.system.dao.BaseDaoImplTest">
        <test-method status="PASS" signature="springTestContextBeforeTestClass()[pri:0, instance:com.system.dao.BaseDaoImplTest@7b54cbdf]" name="springTestContextBeforeTestClass" is-config="true" duration-ms="16" started-at="2018-01-22T16:39:53Z" finished-at="2018-01-22T16:39:53Z">
          <reporter-output>
          </reporter-output>
        </test-method> <!-- springTestContextBeforeTestClass -->
        <test-method status="PASS" signature="springTestContextPrepareTestInstance()[pri:0, instance:com.system.dao.BaseDaoImplTest@7b54cbdf]" name="springTestContextPrepareTestInstance" is-config="true" duration-ms="1969" started-at="2018-01-22T16:39:53Z" depends-on-methods="org.springframework.test.context.testng.AbstractTestNGSpringContextTests.springTestContextBeforeTestClass" finished-at="2018-01-22T16:39:55Z">
          <reporter-output>
          </reporter-output>
        </test-method> <!-- springTestContextPrepareTestInstance -->
        <test-method status="PASS" signature="springTestContextBeforeTestMethod(java.lang.reflect.Method)[pri:0, instance:com.system.dao.BaseDaoImplTest@7b54cbdf]" name="springTestContextBeforeTestMethod" is-config="true" duration-ms="489" started-at="2018-01-22T16:39:55Z" finished-at="2018-01-22T16:39:55Z">
          <params>
            <param index="0">
              <value>
                <![CDATA[public void com.system.dao.BaseDaoImplTest.queryTest()]]>
              </value>
            </param>
          </params>
          <reporter-output>
          </reporter-output>
        </test-method> <!-- springTestContextBeforeTestMethod -->
        <test-method status="PASS" signature="queryTest()[pri:0, instance:com.system.dao.BaseDaoImplTest@7b54cbdf]" name="queryTest" duration-ms="32" started-at="2018-01-22T16:39:55Z" finished-at="2018-01-22T16:39:55Z">
          <reporter-output>
          </reporter-output>
        </test-method> <!-- queryTest -->
        <test-method status="PASS" signature="springTestContextAfterTestMethod(java.lang.reflect.Method)[pri:0, instance:com.system.dao.BaseDaoImplTest@7b54cbdf]" name="springTestContextAfterTestMethod" is-config="true" duration-ms="16" started-at="2018-01-22T16:39:55Z" finished-at="2018-01-22T16:39:55Z">
          <params>
            <param index="0">
              <value>
                <![CDATA[public void com.system.dao.BaseDaoImplTest.queryTest()]]>
              </value>
            </param>
          </params>
          <reporter-output>
          </reporter-output>
        </test-method> <!-- springTestContextAfterTestMethod -->
        <test-method status="PASS" signature="springTestContextAfterTestClass()[pri:0, instance:com.system.dao.BaseDaoImplTest@7b54cbdf]" name="springTestContextAfterTestClass" is-config="true" duration-ms="0" started-at="2018-01-22T16:39:55Z" finished-at="2018-01-22T16:39:55Z">
          <reporter-output>
          </reporter-output>
        </test-method> <!-- springTestContextAfterTestClass -->
      </class> <!-- com.system.dao.BaseDaoImplTest -->
    </test> <!-- Default test -->
  </suite> <!-- Default suite -->
</testng-results>
